{
  "RSpec": {
    "coverage": {
      "/Users/josephjohansen/code/open_food_foundation/openfoodnetwork/app/models/customer.rb": {
        "lines": [
          null,
          null,
          null,
          null,
          null,
          null,
          null,
          null,
          null,
          1,
          1,
          null,
          1,
          null,
          1,
          null,
          1,
          1,
          1,
          1,
          1,
          1,
          1,
          null,
          1,
          1,
          1,
          null,
          1,
          1,
          1,
          null,
          1,
          1,
          null,
          null,
          null,
          null,
          null,
          8,
          1,
          6,
          null,
          2,
          2,
          null,
          1,
          null,
          1,
          0,
          null,
          null,
          1,
          null,
          1,
          31,
          null,
          null,
          1,
          31,
          null,
          null,
          1,
          24,
          null,
          null,
          1,
          0,
          0,
          0,
          null,
          0,
          null,
          null
        ]
      }
    },
    "timestamp": 1724235565
  }
}
